<?xml version="1.0" encoding="UTF-8"?>
<testng-results ignored="0" total="2" passed="2" failed="0" skipped="0">
  <reporter-output>
  </reporter-output>
  <suite started-at="2023-10-17T11:42:59 IST" name="Default suite" finished-at="2023-10-17T11:43:14 IST" duration-ms="15714">
    <groups>
    </groups>
    <test started-at="2023-10-17T11:42:59 IST" name="Default test" finished-at="2023-10-17T11:43:14 IST" duration-ms="15714">
      <class name="Baseclass">
        <test-method is-config="true" signature="Appliction_Start()[pri:0, instance:Baseclass@6892b3b6]" started-at="2023-10-17T11:42:59 IST" name="Appliction_Start" finished-at="2023-10-17T11:43:01 IST" duration-ms="2759" status="PASS">
          <reporter-output>
          </reporter-output>
        </test-method> <!-- Appliction_Start -->
        <test-method signature="data_filling(java.lang.String)[pri:0, instance:Baseclass@6892b3b6]" started-at="2023-10-17T11:43:01 IST" name="data_filling" data-provider="Data_Filling" finished-at="2023-10-17T11:43:08 IST" duration-ms="6529" status="PASS">
          <params>
            <param index="0">
              <value>
                <![CDATA[Harish,Reddy]]>
              </value>
            </param>
          </params>
          <reporter-output>
          </reporter-output>
        </test-method> <!-- data_filling -->
        <test-method signature="data_filling(java.lang.String)[pri:0, instance:Baseclass@6892b3b6]" started-at="2023-10-17T11:43:08 IST" name="data_filling" data-provider="Data_Filling" finished-at="2023-10-17T11:43:12 IST" duration-ms="4182" status="PASS">
          <params>
            <param index="0">
              <value>
                <![CDATA[Madhu,Gowda]]>
              </value>
            </param>
          </params>
          <reporter-output>
          </reporter-output>
        </test-method> <!-- data_filling -->
        <test-method is-config="true" signature="tear_down()[pri:0, instance:Baseclass@6892b3b6]" started-at="2023-10-17T11:43:12 IST" name="tear_down" finished-at="2023-10-17T11:43:14 IST" duration-ms="2176" status="PASS">
          <reporter-output>
          </reporter-output>
        </test-method> <!-- tear_down -->
      </class> <!-- Baseclass -->
    </test> <!-- Default test -->
  </suite> <!-- Default suite -->
</testng-results>
