<?xml version="1.0" encoding="UTF-8"?>
<testng-results ignored="0" total="2" passed="2" failed="0" skipped="0">
  <reporter-output>
  </reporter-output>
  <suite started-at="2023-10-30T10:22:07 IST" name="Default suite" finished-at="2023-10-30T10:23:03 IST" duration-ms="55111">
    <groups>
    </groups>
    <test started-at="2023-10-30T10:22:07 IST" name="Default test" finished-at="2023-10-30T10:23:03 IST" duration-ms="55111">
      <class name="Baseclass">
        <test-method is-config="true" signature="Appliction_Start()[pri:0, instance:Baseclass@53fe15ff]" started-at="2023-10-30T10:22:07 IST" name="Appliction_Start" finished-at="2023-10-30T10:22:52 IST" duration-ms="44929" status="PASS">
          <reporter-output>
          </reporter-output>
        </test-method> <!-- Appliction_Start -->
        <test-method signature="data_filling(java.lang.String)[pri:0, instance:Baseclass@53fe15ff]" started-at="2023-10-30T10:22:52 IST" name="data_filling" data-provider="Data_Filling" finished-at="2023-10-30T10:22:57 IST" duration-ms="4885" status="PASS">
          <params>
            <param index="0">
              <value>
                <![CDATA[Harish,Reddy,9742796818,Harish@606,tvharish606@gmail.com,C:\Users\admin\Downloads\New Text Document.txt,i am good soul,Harish@818,Harish@818]]>
              </value>
            </param>
          </params>
          <reporter-output>
          </reporter-output>
        </test-method> <!-- data_filling -->
        <test-method signature="data_filling(java.lang.String)[pri:0, instance:Baseclass@53fe15ff]" started-at="2023-10-30T10:22:57 IST" name="data_filling" data-provider="Data_Filling" finished-at="2023-10-30T10:23:00 IST" duration-ms="3014" status="PASS">
          <params>
            <param index="0">
              <value>
                <![CDATA[Madhu,Gowda,9742796718,Madhu@606,Madugowda@gmail.com,C:\Users\admin\Downloads\New Text Document.txt,good good,Madhu@818,Madhu@818]]>
              </value>
            </param>
          </params>
          <reporter-output>
          </reporter-output>
        </test-method> <!-- data_filling -->
        <test-method is-config="true" signature="tear_down()[pri:0, instance:Baseclass@53fe15ff]" started-at="2023-10-30T10:23:00 IST" name="tear_down" finished-at="2023-10-30T10:23:03 IST" duration-ms="2217" status="PASS">
          <reporter-output>
          </reporter-output>
        </test-method> <!-- tear_down -->
      </class> <!-- Baseclass -->
    </test> <!-- Default test -->
  </suite> <!-- Default suite -->
</testng-results>
